<?xml version="1.0" encoding="UTF-8"?>
<!-- Generated by org.testng.reporters.JUnitReportReporter -->
<testsuite hostname="DESKTOP-V6ELO8R" failures="0" tests="1" name="Appium_Project.Appium_Project.AppTest" time="95.498" errors="0" timestamp="2024-08-04T00:21:44 IST" skipped="0">
  <testcase classname="Appium_Project.Appium_Project.AppTest" name="shouldAnswerWithTrue" time="95.498"/>
</testsuite> <!-- Appium_Project.Appium_Project.AppTest -->
