<?xml version="1.0" encoding="UTF-8"?>
<!-- Generated by org.testng.reporters.JUnitReportReporter -->
<testsuite hostname="DESKTOP-TK02SBH" failures="0" tests="1" name="com.appium.CreateEventTest" time="31.429" errors="0" timestamp="2024-08-05T14:45:54 IST" skipped="0">
  <testcase classname="com.appium.CreateEventTest" name="createEventTest" time="31.429"/>
  <system-out/>
</testsuite> <!-- com.appium.CreateEventTest -->
