<?xml version="1.0" encoding="UTF-8"?>
<!-- Generated by org.testng.reporters.JUnitReportReporter -->
<testsuite hostname="DESKTOP-TK02SBH" failures="0" tests="1" name="com.appium.CreateEventTest" time="93.875" errors="0" timestamp="2024-08-07T17:20:37 IST" skipped="0">
  <testcase classname="com.appium.CreateEventTest" name="createEventTest" time="93.875"/>
  <system-out/>
</testsuite> <!-- com.appium.CreateEventTest -->
